2026-04-20 12:34:47.578 PM		Warning	Settings not found => a new settings file has been created!
2026-04-20 12:39:06.847 PM		Info	Connection has changed to: https://org5e25ff71.crm4.dynamics.com
2026-04-20 12:40:42.278 PM		Warning	Settings not found => a new settings file has been created!
2026-04-20 12:45:54.410 PM		Warning	Settings not found => a new settings file has been created!
2026-04-20 03:08:59.955 PM		Warning	Settings not found => a new settings file has been created!
2026-04-20 03:22:44.469 PM		Warning	Settings not found => a new settings file has been created!
2026-04-20 03:25:45.254 PM		Info	Connection has changed to: https://org0db0130a.crm12.dynamics.com
2026-04-20 04:03:03.765 PM		Warning	Settings not found => a new settings file has been created!
2026-04-20 04:16:23.190 PM	oussama-connection	Warning	Settings not found => a new settings file has been created!
2026-04-20 04:17:21.139 PM	oussama-connection	Warning	Settings not found => a new settings file has been created!
2026-04-20 04:17:36.103 PM	oussama-connection	Info	Connection has changed to: https://org0db0130a.crm12.dynamics.com
2026-04-20 04:27:08.039 PM	oussama-connection	Warning	Settings not found => a new settings file has been created!
2026-04-20 04:33:23.427 PM	oauth-connection	Warning	Settings not found => a new settings file has been created!
2026-04-20 04:34:05.777 PM	oauth-connection	Info	Connection has changed to: https://org0a6340d2.crm12.dynamics.com/
2026-04-20 04:34:20.923 PM	oauth-connection	Info	Connection has changed to: https://org0a6340d2.crm12.dynamics.com/
2026-04-20 04:34:41.009 PM	oussama-connection	Info	Connection has changed to: https://org0db0130a.crm12.dynamics.com
2026-04-20 04:34:55.856 PM	oauth-connection	Info	Connection has changed to: https://org0a6340d2.crm12.dynamics.com/
2026-04-20 04:37:25.608 PM	oauth-connection	Warning	Settings not found => a new settings file has been created!
2026-04-20 04:39:40.555 PM	oauth-connection	Info	Connection has changed to: https://org0a6340d2.crm12.dynamics.com/
2026-04-20 04:46:16.942 PM	oauth-connection	Warning	Settings not found => a new settings file has been created!
2026-04-20 05:00:07.568 PM	oauth-connection	Warning	Settings not found => a new settings file has been created!
2026-04-20 05:12:01.405 PM	oauth-connection	Info	Connection has changed to: https://org0a6340d2.crm12.dynamics.com/
2026-04-20 05:13:31.036 PM	oauth-connection	Warning	Settings not found => a new settings file has been created!
2026-04-20 05:13:54.250 PM	oauth-connection	Warning	Settings not found => a new settings file has been created!
2026-04-20 05:16:16.845 PM	OAuth	Warning	Settings not found => a new settings file has been created!
2026-04-20 05:42:43.543 PM	OAuth	Warning	Settings not found => a new settings file has been created!
